This is pdfTeX, Version 3.141592653-2.6-1.40.25 (MiKTeX 23.10.12) (preloaded format=pdflatex 2023.12.16)  18 DEC 2023 23:29
entering extended mode
 restricted \write18 enabled.
 file:line:error style messages enabled.
 %&-line parsing enabled.
**c:/Users/Usuario/Documents/Balseiro/Tesis/Escritura/defensa/defensa.tex
(c:/Users/Usuario/Documents/Balseiro/Tesis/Escritura/defensa/defensa.tex
LaTeX2e <2023-11-01>
L3 programming layer <2023-12-08>
(C:\Users\Usuario\AppData\Local\Programs\MiKTeX\tex/latex/beamer\beamer.cls
Document Class: beamer 2023/05/15 v3.70 A class for typesetting presentations
(C:\Users\Usuario\AppData\Local\Programs\MiKTeX\tex/latex/beamer\beamerbasemodes.sty (C:\Users\Usuario\AppData\Local\Programs\MiKTeX\tex/latex/etoolbox\etoolbox.sty
Package: etoolbox 2020/10/05 v2.5k e-TeX tools for LaTeX (JAW)
\etb@tempcnta=\count187
)
\beamer@tempbox=\box51
\beamer@tempcount=\count188
\c@beamerpauses=\count189
 (C:\Users\Usuario\AppData\Local\Programs\MiKTeX\tex/latex/beamer\beamerbasedecode.sty
\beamer@slideinframe=\count190
\beamer@minimum=\count191
\beamer@decode@box=\box52
)
\beamer@commentbox=\box53
\beamer@modecount=\count192
) (C:\Users\Usuario\AppData\Local\Programs\MiKTeX\tex/generic/iftex\iftex.sty
Package: iftex 2022/02/03 v1.0f TeX engine tests
)
\headdp=\dimen140
\footheight=\dimen141
\sidebarheight=\dimen142
\beamer@tempdim=\dimen143
\beamer@finalheight=\dimen144
\beamer@animht=\dimen145
\beamer@animdp=\dimen146
\beamer@animwd=\dimen147
\beamer@leftmargin=\dimen148
\beamer@rightmargin=\dimen149
\beamer@leftsidebar=\dimen150
\beamer@rightsidebar=\dimen151
\beamer@boxsize=\dimen152
\beamer@vboxoffset=\dimen153
\beamer@descdefault=\dimen154
\beamer@descriptionwidth=\dimen155
\beamer@lastskip=\skip48
\beamer@areabox=\box54
\beamer@animcurrent=\box55
\beamer@animshowbox=\box56
\beamer@sectionbox=\box57
\beamer@logobox=\box58
\beamer@linebox=\box59
\beamer@sectioncount=\count193
\beamer@subsubsectionmax=\count194
\beamer@subsectionmax=\count195
\beamer@sectionmax=\count196
\beamer@totalheads=\count197
\beamer@headcounter=\count198
\beamer@partstartpage=\count199
\beamer@sectionstartpage=\count266
\beamer@subsectionstartpage=\count267
\beamer@animationtempa=\count268
\beamer@animationtempb=\count269
\beamer@xpos=\count270
\beamer@ypos=\count271
\beamer@ypos@offset=\count272
\beamer@showpartnumber=\count273
\beamer@currentsubsection=\count274
\beamer@coveringdepth=\count275
\beamer@sectionadjust=\count276
\beamer@toclastsection=\count277
\beamer@tocsectionnumber=\count278
 (C:\Users\Usuario\AppData\Local\Programs\MiKTeX\tex/latex/beamer\beamerbaseoptions.sty (C:\Users\Usuario\AppData\Local\Programs\MiKTeX\tex/latex/graphics\keyval.sty
Package: keyval 2022/05/29 v1.15 key=value parser (DPC)
\KV@toks@=\toks17
))
\beamer@paperwidth=\skip49
\beamer@paperheight=\skip50
 (C:\Users\Usuario\AppData\Local\Programs\MiKTeX\tex/latex/geometry\geometry.sty
Package: geometry 2020/01/02 v5.9 Page Geometry
 (C:\Users\Usuario\AppData\Local\Programs\MiKTeX\tex/generic/iftex\ifvtex.sty
Package: ifvtex 2019/10/25 v1.7 ifvtex legacy package. Use iftex instead.
)
\Gm@cnth=\count279
\Gm@cntv=\count280
\c@Gm@tempcnt=\count281
\Gm@bindingoffset=\dimen156
\Gm@wd@mp=\dimen157
\Gm@odd@mp=\dimen158
\Gm@even@mp=\dimen159
\Gm@layoutwidth=\dimen160
\Gm@layoutheight=\dimen161
\Gm@layouthoffset=\dimen162
\Gm@layoutvoffset=\dimen163
\Gm@dimlist=\toks18
 (C:\Users\Usuario\AppData\Local\Programs\MiKTeX\tex/latex/geometry\geometry.cfg)) (C:\Users\Usuario\AppData\Local\Programs\MiKTeX\tex/latex/pgf/math\pgfmath.sty (C:\Users\Usuario\AppData\Local\Programs\MiKTeX\tex/latex/pgf/utilities\pgfrcs.sty (C:\Users\Usuario\AppData\Local\Programs\MiKTeX\tex/generic/pgf/utilities\pgfutil-common.tex
\pgfutil@everybye=\toks19
\pgfutil@tempdima=\dimen164
\pgfutil@tempdimb=\dimen165
) (C:\Users\Usuario\AppData\Local\Programs\MiKTeX\tex/generic/pgf/utilities\pgfutil-latex.def
\pgfutil@abb=\box60
) (C:\Users\Usuario\AppData\Local\Programs\MiKTeX\tex/generic/pgf/utilities\pgfrcs.code.tex (C:\Users\Usuario\AppData\Local\Programs\MiKTeX\tex/generic/pgf\pgf.revision.tex)
Package: pgfrcs 2023-01-15 v3.1.10 (3.1.10)
)) (C:\Users\Usuario\AppData\Local\Programs\MiKTeX\tex/latex/pgf/utilities\pgfkeys.sty (C:\Users\Usuario\AppData\Local\Programs\MiKTeX\tex/generic/pgf/utilities\pgfkeys.code.tex
\pgfkeys@pathtoks=\toks20
\pgfkeys@temptoks=\toks21
 (C:\Users\Usuario\AppData\Local\Programs\MiKTeX\tex/generic/pgf/utilities\pgfkeyslibraryfiltered.code.tex
\pgfkeys@tmptoks=\toks22
))) (C:\Users\Usuario\AppData\Local\Programs\MiKTeX\tex/generic/pgf/math\pgfmath.code.tex (C:\Users\Usuario\AppData\Local\Programs\MiKTeX\tex/generic/pgf/math\pgfmathutil.code.tex
\pgf@x=\dimen166
\pgf@xa=\dimen167
\pgf@xb=\dimen168
\pgf@xc=\dimen169
\pgf@y=\dimen170
\pgf@ya=\dimen171
\pgf@yb=\dimen172
\pgf@yc=\dimen173
\c@pgf@counta=\count282
\c@pgf@countb=\count283
\c@pgf@countc=\count284
\c@pgf@countd=\count285
) (C:\Users\Usuario\AppData\Local\Programs\MiKTeX\tex/generic/pgf/math\pgfmathparser.code.tex
\pgfmath@dimen=\dimen174
\pgfmath@count=\count286
\pgfmath@box=\box61
\pgfmath@toks=\toks23
\pgfmath@stack@operand=\toks24
\pgfmath@stack@operation=\toks25
) (C:\Users\Usuario\AppData\Local\Programs\MiKTeX\tex/generic/pgf/math\pgfmathfunctions.code.tex) (C:\Users\Usuario\AppData\Local\Programs\MiKTeX\tex/generic/pgf/math\pgfmathfunctions.basic.code.tex) (C:\Users\Usuario\AppData\Local\Programs\MiKTeX\tex/generic/pgf/math\pgfmathfunctions.trigonometric.code.tex) (C:\Users\Usuario\AppData\Local\Programs\MiKTeX\tex/generic/pgf/math\pgfmathfunctions.random.code.tex) (C:\Users\Usuario\AppData\Local\Programs\MiKTeX\tex/generic/pgf/math\pgfmathfunctions.comparison.code.tex) (C:\Users\Usuario\AppData\Local\Programs\MiKTeX\tex/generic/pgf/math\pgfmathfunctions.base.code.tex) (C:\Users\Usuario\AppData\Local\Programs\MiKTeX\tex/generic/pgf/math\pgfmathfunctions.round.code.tex) (C:\Users\Usuario\AppData\Local\Programs\MiKTeX\tex/generic/pgf/math\pgfmathfunctions.misc.code.tex) (C:\Users\Usuario\AppData\Local\Programs\MiKTeX\tex/generic/pgf/math\pgfmathfunctions.integerarithmetics.code.tex) (C:\Users\Usuario\AppData\Local\Programs\MiKTeX\tex/generic/pgf/math\pgfmathcalc.code.tex) (C:\Users\Usuario\AppData\Local\Programs\MiKTeX\tex/generic/pgf/math\pgfmathfloat.code.tex
\c@pgfmathroundto@lastzeros=\count287
))) (C:\Users\Usuario\AppData\Local\Programs\MiKTeX\tex/latex/base\size11.clo
File: size11.clo 2023/05/17 v1.4n Standard LaTeX file (size option)
) (C:\Users\Usuario\AppData\Local\Programs\MiKTeX\tex/latex/pgf/basiclayer\pgfcore.sty (C:\Users\Usuario\AppData\Local\Programs\MiKTeX\tex/latex/graphics\graphicx.sty
Package: graphicx 2021/09/16 v1.2d Enhanced LaTeX Graphics (DPC,SPQR)
 (C:\Users\Usuario\AppData\Local\Programs\MiKTeX\tex/latex/graphics\graphics.sty
Package: graphics 2022/03/10 v1.4e Standard LaTeX Graphics (DPC,SPQR)
 (C:\Users\Usuario\AppData\Local\Programs\MiKTeX\tex/latex/graphics\trig.sty
Package: trig 2021/08/11 v1.11 sin cos tan (DPC)
) (C:\Users\Usuario\AppData\Local\Programs\MiKTeX\tex/latex/graphics-cfg\graphics.cfg
File: graphics.cfg 2016/06/04 v1.11 sample graphics configuration
)
Package graphics Info: Driver file: pdftex.def on input line 107.
 (C:\Users\Usuario\AppData\Local\Programs\MiKTeX\tex/latex/graphics-def\pdftex.def
File: pdftex.def 2022/09/22 v1.2b Graphics/color driver for pdftex
))
\Gin@req@height=\dimen175
\Gin@req@width=\dimen176
) (C:\Users\Usuario\AppData\Local\Programs\MiKTeX\tex/latex/pgf/systemlayer\pgfsys.sty (C:\Users\Usuario\AppData\Local\Programs\MiKTeX\tex/generic/pgf/systemlayer\pgfsys.code.tex
Package: pgfsys 2023-01-15 v3.1.10 (3.1.10)
\pgf@x=\dimen177
\pgf@y=\dimen178
\pgf@xa=\dimen179
\pgf@ya=\dimen180
\pgf@xb=\dimen181
\pgf@yb=\dimen182
\pgf@xc=\dimen183
\pgf@yc=\dimen184
\pgf@xd=\dimen185
\pgf@yd=\dimen186
\w@pgf@writea=\write3
\r@pgf@reada=\read2
\c@pgf@counta=\count288
\c@pgf@countb=\count289
\c@pgf@countc=\count290
\c@pgf@countd=\count291
\t@pgf@toka=\toks26
\t@pgf@tokb=\toks27
\t@pgf@tokc=\toks28
\pgf@sys@id@count=\count292
 (C:\Users\Usuario\AppData\Local\Programs\MiKTeX\tex/generic/pgf/systemlayer\pgf.cfg
File: pgf.cfg 2023-01-15 v3.1.10 (3.1.10)
)
Driver file for pgf: pgfsys-pdftex.def
 (C:\Users\Usuario\AppData\Local\Programs\MiKTeX\tex/generic/pgf/systemlayer\pgfsys-pdftex.def
File: pgfsys-pdftex.def 2023-01-15 v3.1.10 (3.1.10)
 (C:\Users\Usuario\AppData\Local\Programs\MiKTeX\tex/generic/pgf/systemlayer\pgfsys-common-pdf.def
File: pgfsys-common-pdf.def 2023-01-15 v3.1.10 (3.1.10)
))) (C:\Users\Usuario\AppData\Local\Programs\MiKTeX\tex/generic/pgf/systemlayer\pgfsyssoftpath.code.tex
File: pgfsyssoftpath.code.tex 2023-01-15 v3.1.10 (3.1.10)
\pgfsyssoftpath@smallbuffer@items=\count293
\pgfsyssoftpath@bigbuffer@items=\count294
) (C:\Users\Usuario\AppData\Local\Programs\MiKTeX\tex/generic/pgf/systemlayer\pgfsysprotocol.code.tex
File: pgfsysprotocol.code.tex 2023-01-15 v3.1.10 (3.1.10)
)) (C:\Users\Usuario\AppData\Local\Programs\MiKTeX\tex/latex/xcolor\xcolor.sty
Package: xcolor 2023/11/15 v3.01 LaTeX color extensions (UK)
 (C:\Users\Usuario\AppData\Local\Programs\MiKTeX\tex/latex/graphics-cfg\color.cfg
File: color.cfg 2016/01/02 v1.6 sample color configuration
)
Package xcolor Info: Driver file: pdftex.def on input line 274.
 (C:\Users\Usuario\AppData\Local\Programs\MiKTeX\tex/latex/graphics\mathcolor.ltx)
Package xcolor Info: Model `cmy' substituted by `cmy0' on input line 1350.
Package xcolor Info: Model `hsb' substituted by `rgb' on input line 1354.
Package xcolor Info: Model `RGB' extended on input line 1366.
Package xcolor Info: Model `HTML' substituted by `rgb' on input line 1368.
Package xcolor Info: Model `Hsb' substituted by `hsb' on input line 1369.
Package xcolor Info: Model `tHsb' substituted by `hsb' on input line 1370.
Package xcolor Info: Model `HSB' substituted by `hsb' on input line 1371.
Package xcolor Info: Model `Gray' substituted by `gray' on input line 1372.
Package xcolor Info: Model `wave' substituted by `hsb' on input line 1373.
) (C:\Users\Usuario\AppData\Local\Programs\MiKTeX\tex/generic/pgf/basiclayer\pgfcore.code.tex
Package: pgfcore 2023-01-15 v3.1.10 (3.1.10)
 (C:\Users\Usuario\AppData\Local\Programs\MiKTeX\tex/generic/pgf/math\pgfint.code.tex) (C:\Users\Usuario\AppData\Local\Programs\MiKTeX\tex/generic/pgf/basiclayer\pgfcorepoints.code.tex
File: pgfcorepoints.code.tex 2023-01-15 v3.1.10 (3.1.10)
\pgf@picminx=\dimen187
\pgf@picmaxx=\dimen188
\pgf@picminy=\dimen189
\pgf@picmaxy=\dimen190
\pgf@pathminx=\dimen191
\pgf@pathmaxx=\dimen192
\pgf@pathminy=\dimen193
\pgf@pathmaxy=\dimen194
\pgf@xx=\dimen195
\pgf@xy=\dimen196
\pgf@yx=\dimen197
\pgf@yy=\dimen198
\pgf@zx=\dimen199
\pgf@zy=\dimen256
) (C:\Users\Usuario\AppData\Local\Programs\MiKTeX\tex/generic/pgf/basiclayer\pgfcorepathconstruct.code.tex
File: pgfcorepathconstruct.code.tex 2023-01-15 v3.1.10 (3.1.10)
\pgf@path@lastx=\dimen257
\pgf@path@lasty=\dimen258
) (C:\Users\Usuario\AppData\Local\Programs\MiKTeX\tex/generic/pgf/basiclayer\pgfcorepathusage.code.tex
File: pgfcorepathusage.code.tex 2023-01-15 v3.1.10 (3.1.10)
\pgf@shorten@end@additional=\dimen259
\pgf@shorten@start@additional=\dimen260
) (C:\Users\Usuario\AppData\Local\Programs\MiKTeX\tex/generic/pgf/basiclayer\pgfcorescopes.code.tex
File: pgfcorescopes.code.tex 2023-01-15 v3.1.10 (3.1.10)
\pgfpic=\box62
\pgf@hbox=\box63
\pgf@layerbox@main=\box64
\pgf@picture@serial@count=\count295
) (C:\Users\Usuario\AppData\Local\Programs\MiKTeX\tex/generic/pgf/basiclayer\pgfcoregraphicstate.code.tex
File: pgfcoregraphicstate.code.tex 2023-01-15 v3.1.10 (3.1.10)
\pgflinewidth=\dimen261
) (C:\Users\Usuario\AppData\Local\Programs\MiKTeX\tex/generic/pgf/basiclayer\pgfcoretransformations.code.tex
File: pgfcoretransformations.code.tex 2023-01-15 v3.1.10 (3.1.10)
\pgf@pt@x=\dimen262
\pgf@pt@y=\dimen263
\pgf@pt@temp=\dimen264
) (C:\Users\Usuario\AppData\Local\Programs\MiKTeX\tex/generic/pgf/basiclayer\pgfcorequick.code.tex
File: pgfcorequick.code.tex 2023-01-15 v3.1.10 (3.1.10)
) (C:\Users\Usuario\AppData\Local\Programs\MiKTeX\tex/generic/pgf/basiclayer\pgfcoreobjects.code.tex
File: pgfcoreobjects.code.tex 2023-01-15 v3.1.10 (3.1.10)
) (C:\Users\Usuario\AppData\Local\Programs\MiKTeX\tex/generic/pgf/basiclayer\pgfcorepathprocessing.code.tex
File: pgfcorepathprocessing.code.tex 2023-01-15 v3.1.10 (3.1.10)
) (C:\Users\Usuario\AppData\Local\Programs\MiKTeX\tex/generic/pgf/basiclayer\pgfcorearrows.code.tex
File: pgfcorearrows.code.tex 2023-01-15 v3.1.10 (3.1.10)
\pgfarrowsep=\dimen265
) (C:\Users\Usuario\AppData\Local\Programs\MiKTeX\tex/generic/pgf/basiclayer\pgfcoreshade.code.tex
File: pgfcoreshade.code.tex 2023-01-15 v3.1.10 (3.1.10)
\pgf@max=\dimen266
\pgf@sys@shading@range@num=\count296
\pgf@shadingcount=\count297
) (C:\Users\Usuario\AppData\Local\Programs\MiKTeX\tex/generic/pgf/basiclayer\pgfcoreimage.code.tex
File: pgfcoreimage.code.tex 2023-01-15 v3.1.10 (3.1.10)
) (C:\Users\Usuario\AppData\Local\Programs\MiKTeX\tex/generic/pgf/basiclayer\pgfcoreexternal.code.tex
File: pgfcoreexternal.code.tex 2023-01-15 v3.1.10 (3.1.10)
\pgfexternal@startupbox=\box65
) (C:\Users\Usuario\AppData\Local\Programs\MiKTeX\tex/generic/pgf/basiclayer\pgfcorelayers.code.tex
File: pgfcorelayers.code.tex 2023-01-15 v3.1.10 (3.1.10)
) (C:\Users\Usuario\AppData\Local\Programs\MiKTeX\tex/generic/pgf/basiclayer\pgfcoretransparency.code.tex
File: pgfcoretransparency.code.tex 2023-01-15 v3.1.10 (3.1.10)
) (C:\Users\Usuario\AppData\Local\Programs\MiKTeX\tex/generic/pgf/basiclayer\pgfcorepatterns.code.tex
File: pgfcorepatterns.code.tex 2023-01-15 v3.1.10 (3.1.10)
) (C:\Users\Usuario\AppData\Local\Programs\MiKTeX\tex/generic/pgf/basiclayer\pgfcorerdf.code.tex
File: pgfcorerdf.code.tex 2023-01-15 v3.1.10 (3.1.10)
))) (C:\Users\Usuario\AppData\Local\Programs\MiKTeX\tex/latex/pgf/utilities\xxcolor.sty
Package: xxcolor 2003/10/24 ver 0.1
\XC@nummixins=\count298
\XC@countmixins=\count299
) (C:\Users\Usuario\AppData\Local\Programs\MiKTeX\tex/latex/base\atbegshi-ltx.sty
Package: atbegshi-ltx 2021/01/10 v1.0c Emulation of the original atbegshi
package with kernel methods
) (C:\Users\Usuario\AppData\Local\Programs\MiKTeX\tex/latex/hyperref\hyperref.sty
Package: hyperref 2023-11-26 v7.01g Hypertext links for LaTeX
 (C:\Users\Usuario\AppData\Local\Programs\MiKTeX\tex/generic/infwarerr\infwarerr.sty
Package: infwarerr 2019/12/03 v1.5 Providing info/warning/error messages (HO)
) (C:\Users\Usuario\AppData\Local\Programs\MiKTeX\tex/latex/kvsetkeys\kvsetkeys.sty
Package: kvsetkeys 2022-10-05 v1.19 Key value parser (HO)
) (C:\Users\Usuario\AppData\Local\Programs\MiKTeX\tex/generic/kvdefinekeys\kvdefinekeys.sty
Package: kvdefinekeys 2019-12-19 v1.6 Define keys (HO)
) (C:\Users\Usuario\AppData\Local\Programs\MiKTeX\tex/generic/pdfescape\pdfescape.sty
Package: pdfescape 2019/12/09 v1.15 Implements pdfTeX's escape features (HO)
 (C:\Users\Usuario\AppData\Local\Programs\MiKTeX\tex/generic/ltxcmds\ltxcmds.sty
Package: ltxcmds 2023-12-04 v1.26 LaTeX kernel commands for general use (HO)
) (C:\Users\Usuario\AppData\Local\Programs\MiKTeX\tex/generic/pdftexcmds\pdftexcmds.sty
Package: pdftexcmds 2020-06-27 v0.33 Utility functions of pdfTeX for LuaTeX (HO)
Package pdftexcmds Info: \pdf@primitive is available.
Package pdftexcmds Info: \pdf@ifprimitive is available.
Package pdftexcmds Info: \pdfdraftmode found.
)) (C:\Users\Usuario\AppData\Local\Programs\MiKTeX\tex/latex/hycolor\hycolor.sty
Package: hycolor 2020-01-27 v1.10 Color options for hyperref/bookmark (HO)
) (C:\Users\Usuario\AppData\Local\Programs\MiKTeX\tex/latex/letltxmacro\letltxmacro.sty
Package: letltxmacro 2019/12/03 v1.6 Let assignment for LaTeX macros (HO)
) (C:\Users\Usuario\AppData\Local\Programs\MiKTeX\tex/latex/auxhook\auxhook.sty
Package: auxhook 2019-12-17 v1.6 Hooks for auxiliary files (HO)
) (C:\Users\Usuario\AppData\Local\Programs\MiKTeX\tex/latex/hyperref\nameref.sty
Package: nameref 2023-11-26 v2.56 Cross-referencing by name of section
 (C:\Users\Usuario\AppData\Local\Programs\MiKTeX\tex/latex/refcount\refcount.sty
Package: refcount 2019/12/15 v3.6 Data extraction from label references (HO)
) (C:\Users\Usuario\AppData\Local\Programs\MiKTeX\tex/generic/gettitlestring\gettitlestring.sty
Package: gettitlestring 2019/12/15 v1.6 Cleanup title references (HO)
 (C:\Users\Usuario\AppData\Local\Programs\MiKTeX\tex/latex/kvoptions\kvoptions.sty
Package: kvoptions 2022-06-15 v3.15 Key value format for package options (HO)
))
\c@section@level=\count300
)
\@linkdim=\dimen267
\Hy@linkcounter=\count301
\Hy@pagecounter=\count302
 (C:\Users\Usuario\AppData\Local\Programs\MiKTeX\tex/latex/hyperref\pd1enc.def
File: pd1enc.def 2023-11-26 v7.01g Hyperref: PDFDocEncoding definition (HO)
Now handling font encoding PD1 ...
... no UTF-8 mapping file for font encoding PD1
) (C:\Users\Usuario\AppData\Local\Programs\MiKTeX\tex/generic/intcalc\intcalc.sty
Package: intcalc 2019/12/15 v1.3 Expandable calculations with integers (HO)
)
\Hy@SavedSpaceFactor=\count303
 (C:\Users\Usuario\AppData\Local\Programs\MiKTeX\tex/latex/hyperref\puenc.def
File: puenc.def 2023-11-26 v7.01g Hyperref: PDF Unicode definition (HO)
Now handling font encoding PU ...
... no UTF-8 mapping file for font encoding PU
)
Package hyperref Info: Option `bookmarks' set `true' on input line 4064.
Package hyperref Info: Option `bookmarksopen' set `true' on input line 4064.
Package hyperref Info: Option `implicit' set `false' on input line 4064.
Package hyperref Info: Hyper figures OFF on input line 4181.
Package hyperref Info: Link nesting OFF on input line 4186.
Package hyperref Info: Hyper index ON on input line 4189.
Package hyperref Info: Plain pages OFF on input line 4196.
Package hyperref Info: Backreferencing OFF on input line 4201.
Package hyperref Info: Implicit mode OFF; no redefinition of LaTeX internals.
Package hyperref Info: Bookmarks ON on input line 4448.
\c@Hy@tempcnt=\count304
 (C:\Users\Usuario\AppData\Local\Programs\MiKTeX\tex/latex/url\url.sty
\Urlmuskip=\muskip16
Package: url 2013/09/16  ver 3.4  Verb mode for urls, etc.
)
LaTeX Info: Redefining \url on input line 4786.
\XeTeXLinkMargin=\dimen268
 (C:\Users\Usuario\AppData\Local\Programs\MiKTeX\tex/generic/bitset\bitset.sty
Package: bitset 2019/12/09 v1.3 Handle bit-vector datatype (HO)
 (C:\Users\Usuario\AppData\Local\Programs\MiKTeX\tex/generic/bigintcalc\bigintcalc.sty
Package: bigintcalc 2019/12/15 v1.5 Expandable calculations on big integers (HO)
))
\Fld@menulength=\count305
\Field@Width=\dimen269
\Fld@charsize=\dimen270
Package hyperref Info: Hyper figures OFF on input line 6065.
Package hyperref Info: Link nesting OFF on input line 6070.
Package hyperref Info: Hyper index ON on input line 6073.
Package hyperref Info: backreferencing OFF on input line 6080.
Package hyperref Info: Link coloring OFF on input line 6085.
Package hyperref Info: Link coloring with OCG OFF on input line 6090.
Package hyperref Info: PDF/A mode OFF on input line 6095.
\Hy@abspage=\count306


Package hyperref Message: Stopped early.

)
Package hyperref Info: Driver (autodetected): hpdftex.
 (C:\Users\Usuario\AppData\Local\Programs\MiKTeX\tex/latex/hyperref\hpdftex.def
File: hpdftex.def 2023-11-26 v7.01g Hyperref driver for pdfTeX
 (C:\Users\Usuario\AppData\Local\Programs\MiKTeX\tex/latex/base\atveryend-ltx.sty
Package: atveryend-ltx 2020/08/19 v1.0a Emulation of the original atveryend package
with kernel methods
)
\Fld@listcount=\count307
\c@bookmark@seq@number=\count308
 (C:\Users\Usuario\AppData\Local\Programs\MiKTeX\tex/latex/rerunfilecheck\rerunfilecheck.sty
Package: rerunfilecheck 2022-07-10 v1.10 Rerun checks for auxiliary files (HO)
 (C:\Users\Usuario\AppData\Local\Programs\MiKTeX\tex/generic/uniquecounter\uniquecounter.sty
Package: uniquecounter 2019/12/15 v1.4 Provide unlimited unique counter (HO)
)
Package uniquecounter Info: New unique counter `rerunfilecheck' on input line 285.
)) (C:\Users\Usuario\AppData\Local\Programs\MiKTeX\tex/latex/beamer\beamerbaserequires.sty (C:\Users\Usuario\AppData\Local\Programs\MiKTeX\tex/latex/beamer\beamerbasecompatibility.sty) (C:\Users\Usuario\AppData\Local\Programs\MiKTeX\tex/latex/beamer\beamerbasefont.sty (C:\Users\Usuario\AppData\Local\Programs\MiKTeX\tex/latex/amsfonts\amssymb.sty
Package: amssymb 2013/01/14 v3.01 AMS font symbols
 (C:\Users\Usuario\AppData\Local\Programs\MiKTeX\tex/latex/amsfonts\amsfonts.sty
Package: amsfonts 2013/01/14 v3.01 Basic AMSFonts support
\@emptytoks=\toks29
\symAMSa=\mathgroup4
\symAMSb=\mathgroup5
LaTeX Font Info:    Redeclaring math symbol \hbar on input line 98.
LaTeX Font Info:    Overwriting math alphabet `\mathfrak' in version `bold'
(Font)                  U/euf/m/n --> U/euf/b/n on input line 106.
)) (C:\Users\Usuario\AppData\Local\Programs\MiKTeX\tex/latex/sansmathaccent\sansmathaccent.sty
Package: sansmathaccent 2020/01/31
 (C:\Users\Usuario\AppData\Local\Programs\MiKTeX\tex/latex/koma-script\scrlfile.sty
Package: scrlfile 2023/07/07 v3.41 KOMA-Script package (file load hooks)
 (C:\Users\Usuario\AppData\Local\Programs\MiKTeX\tex/latex/koma-script\scrlfile-hook.sty
Package: scrlfile-hook 2023/07/07 v3.41 KOMA-Script package (using LaTeX hooks)
 (C:\Users\Usuario\AppData\Local\Programs\MiKTeX\tex/latex/koma-script\scrlogo.sty
Package: scrlogo 2023/07/07 v3.41 KOMA-Script package (logo)
))))) (C:\Users\Usuario\AppData\Local\Programs\MiKTeX\tex/latex/beamer\beamerbasetranslator.sty (C:\Users\Usuario\AppData\Local\Programs\MiKTeX\tex/latex/translator\translator.sty
Package: translator 2021-05-31 v1.12d Easy translation of strings in LaTeX
)) (C:\Users\Usuario\AppData\Local\Programs\MiKTeX\tex/latex/beamer\beamerbasemisc.sty) (C:\Users\Usuario\AppData\Local\Programs\MiKTeX\tex/latex/beamer\beamerbasetwoscreens.sty) (C:\Users\Usuario\AppData\Local\Programs\MiKTeX\tex/latex/beamer\beamerbaseoverlay.sty
\beamer@argscount=\count309
\beamer@lastskipcover=\skip51
\beamer@trivlistdepth=\count310
) (C:\Users\Usuario\AppData\Local\Programs\MiKTeX\tex/latex/beamer\beamerbasetitle.sty) (C:\Users\Usuario\AppData\Local\Programs\MiKTeX\tex/latex/beamer\beamerbasesection.sty
\c@lecture=\count311
\c@part=\count312
\c@section=\count313
\c@subsection=\count314
\c@subsubsection=\count315
) (C:\Users\Usuario\AppData\Local\Programs\MiKTeX\tex/latex/beamer\beamerbaseframe.sty
\beamer@framebox=\box66
\beamer@frametitlebox=\box67
\beamer@zoombox=\box68
\beamer@zoomcount=\count316
\beamer@zoomframecount=\count317
\beamer@frametextheight=\dimen271
\c@subsectionslide=\count318
\beamer@frametopskip=\skip52
\beamer@framebottomskip=\skip53
\beamer@frametopskipautobreak=\skip54
\beamer@framebottomskipautobreak=\skip55
\beamer@envbody=\toks30
\framewidth=\dimen272
\c@framenumber=\count319
) (C:\Users\Usuario\AppData\Local\Programs\MiKTeX\tex/latex/beamer\beamerbaseverbatim.sty
\beamer@verbatimfileout=\write4
) (C:\Users\Usuario\AppData\Local\Programs\MiKTeX\tex/latex/beamer\beamerbaseframesize.sty
\beamer@splitbox=\box69
\beamer@autobreakcount=\count320
\beamer@autobreaklastheight=\dimen273
\beamer@frametitletoks=\toks31
\beamer@framesubtitletoks=\toks32
) (C:\Users\Usuario\AppData\Local\Programs\MiKTeX\tex/latex/beamer\beamerbaseframecomponents.sty
\beamer@footins=\box70
) (C:\Users\Usuario\AppData\Local\Programs\MiKTeX\tex/latex/beamer\beamerbasecolor.sty) (C:\Users\Usuario\AppData\Local\Programs\MiKTeX\tex/latex/beamer\beamerbasenotes.sty
\beamer@frameboxcopy=\box71
) (C:\Users\Usuario\AppData\Local\Programs\MiKTeX\tex/latex/beamer\beamerbasetoc.sty) (C:\Users\Usuario\AppData\Local\Programs\MiKTeX\tex/latex/beamer\beamerbasetemplates.sty
\beamer@sbttoks=\toks33
 (C:\Users\Usuario\AppData\Local\Programs\MiKTeX\tex/latex/beamer\beamerbaseauxtemplates.sty (C:\Users\Usuario\AppData\Local\Programs\MiKTeX\tex/latex/beamer\beamerbaseboxes.sty
\bmb@box=\box72
\bmb@colorbox=\box73
\bmb@boxwidth=\dimen274
\bmb@boxheight=\dimen275
\bmb@prevheight=\dimen276
\bmb@temp=\dimen277
\bmb@dima=\dimen278
\bmb@dimb=\dimen279
\bmb@prevheight=\dimen280
)
\beamer@blockheadheight=\dimen281
)) (C:\Users\Usuario\AppData\Local\Programs\MiKTeX\tex/latex/beamer\beamerbaselocalstructure.sty (C:\Users\Usuario\AppData\Local\Programs\MiKTeX\tex/latex/tools\enumerate.sty
Package: enumerate 2023/07/04 v3.00 enumerate extensions (DPC)
\@enLab=\toks34
)
\beamer@bibiconwidth=\skip56
\c@figure=\count321
\c@table=\count322
\abovecaptionskip=\skip57
\belowcaptionskip=\skip58
) (C:\Users\Usuario\AppData\Local\Programs\MiKTeX\tex/latex/beamer\beamerbasenavigation.sty (C:\Users\Usuario\AppData\Local\Programs\MiKTeX\tex/latex/beamer\beamerbasenavigationsymbols.tex)
\beamer@section@min@dim=\dimen282
) (C:\Users\Usuario\AppData\Local\Programs\MiKTeX\tex/latex/beamer\beamerbasetheorems.sty (C:\Users\Usuario\AppData\Local\Programs\MiKTeX\tex/latex/amsmath\amsmath.sty
Package: amsmath 2023/05/13 v2.17o AMS math features
\@mathmargin=\skip59

For additional information on amsmath, use the `?' option.
(C:\Users\Usuario\AppData\Local\Programs\MiKTeX\tex/latex/amsmath\amstext.sty
Package: amstext 2021/08/26 v2.01 AMS text
 (C:\Users\Usuario\AppData\Local\Programs\MiKTeX\tex/latex/amsmath\amsgen.sty
File: amsgen.sty 1999/11/30 v2.0 generic functions
\@emptytoks=\toks35
\ex@=\dimen283
)) (C:\Users\Usuario\AppData\Local\Programs\MiKTeX\tex/latex/amsmath\amsbsy.sty
Package: amsbsy 1999/11/29 v1.2d Bold Symbols
\pmbraise@=\dimen284
) (C:\Users\Usuario\AppData\Local\Programs\MiKTeX\tex/latex/amsmath\amsopn.sty
Package: amsopn 2022/04/08 v2.04 operator names
)
\inf@bad=\count323
LaTeX Info: Redefining \frac on input line 234.
\uproot@=\count324
\leftroot@=\count325
LaTeX Info: Redefining \overline on input line 399.
LaTeX Info: Redefining \colon on input line 410.
\classnum@=\count326
\DOTSCASE@=\count327
LaTeX Info: Redefining \ldots on input line 496.
LaTeX Info: Redefining \dots on input line 499.
LaTeX Info: Redefining \cdots on input line 620.
\Mathstrutbox@=\box74
\strutbox@=\box75
LaTeX Info: Redefining \big on input line 722.
LaTeX Info: Redefining \Big on input line 723.
LaTeX Info: Redefining \bigg on input line 724.
LaTeX Info: Redefining \Bigg on input line 725.
\big@size=\dimen285
LaTeX Font Info:    Redeclaring font encoding OML on input line 743.
LaTeX Font Info:    Redeclaring font encoding OMS on input line 744.
\macc@depth=\count328
LaTeX Info: Redefining \bmod on input line 905.
LaTeX Info: Redefining \pmod on input line 910.
LaTeX Info: Redefining \smash on input line 940.
LaTeX Info: Redefining \relbar on input line 970.
LaTeX Info: Redefining \Relbar on input line 971.
\c@MaxMatrixCols=\count329
\dotsspace@=\muskip17
\c@parentequation=\count330
\dspbrk@lvl=\count331
\tag@help=\toks36
\row@=\count332
\column@=\count333
\maxfields@=\count334
\andhelp@=\toks37
\eqnshift@=\dimen286
\alignsep@=\dimen287
\tagshift@=\dimen288
\tagwidth@=\dimen289
\totwidth@=\dimen290
\lineht@=\dimen291
\@envbody=\toks38
\multlinegap=\skip60
\multlinetaggap=\skip61
\mathdisplay@stack=\toks39
LaTeX Info: Redefining \[ on input line 2953.
LaTeX Info: Redefining \] on input line 2954.
) (C:\Users\Usuario\AppData\Local\Programs\MiKTeX\tex/latex/amscls\amsthm.sty
Package: amsthm 2020/05/29 v2.20.6
\thm@style=\toks40
\thm@bodyfont=\toks41
\thm@headfont=\toks42
\thm@notefont=\toks43
\thm@headpunct=\toks44
\thm@preskip=\skip62
\thm@postskip=\skip63
\thm@headsep=\skip64
\dth@everypar=\toks45
)
\c@theorem=\count335
) (C:\Users\Usuario\AppData\Local\Programs\MiKTeX\tex/latex/beamer\beamerbasethemes.sty)) (C:\Users\Usuario\AppData\Local\Programs\MiKTeX\tex/latex/beamer\beamerthemedefault.sty (C:\Users\Usuario\AppData\Local\Programs\MiKTeX\tex/latex/beamer\beamerfontthemedefault.sty) (C:\Users\Usuario\AppData\Local\Programs\MiKTeX\tex/latex/beamer\beamercolorthemedefault.sty) (C:\Users\Usuario\AppData\Local\Programs\MiKTeX\tex/latex/beamer\beamerinnerthemedefault.sty
\beamer@dima=\dimen292
\beamer@dimb=\dimen293
) (C:\Users\Usuario\AppData\Local\Programs\MiKTeX\tex/latex/beamer\beamerouterthemedefault.sty))) (C:\Users\Usuario\AppData\Local\Programs\MiKTeX\tex/latex/mathtools\mathtools.sty
Package: mathtools 2022/06/29 v1.29 mathematical typesetting tools
 (C:\Users\Usuario\AppData\Local\Programs\MiKTeX\tex/latex/tools\calc.sty
Package: calc 2023/07/08 v4.3 Infix arithmetic (KKT,FJ)
\calc@Acount=\count336
\calc@Bcount=\count337
\calc@Adimen=\dimen294
\calc@Bdimen=\dimen295
\calc@Askip=\skip65
\calc@Bskip=\skip66
LaTeX Info: Redefining \setlength on input line 80.
LaTeX Info: Redefining \addtolength on input line 81.
\calc@Ccount=\count338
\calc@Cskip=\skip67
) (C:\Users\Usuario\AppData\Local\Programs\MiKTeX\tex/latex/mathtools\mhsetup.sty
Package: mhsetup 2021/03/18 v1.4 programming setup (MH)
)
\g_MT_multlinerow_int=\count339
\l_MT_multwidth_dim=\dimen296
\origjot=\skip68
\l_MT_shortvdotswithinadjustabove_dim=\dimen297
\l_MT_shortvdotswithinadjustbelow_dim=\dimen298
\l_MT_above_intertext_sep=\dimen299
\l_MT_below_intertext_sep=\dimen300
\l_MT_above_shortintertext_sep=\dimen301
\l_MT_below_shortintertext_sep=\dimen302
\xmathstrut@box=\box76
\xmathstrut@dim=\dimen303
) (C:\Users\Usuario\AppData\Local\Programs\MiKTeX\tex/latex/caption\caption.sty
Package: caption 2023/08/05 v3.6o Customizing captions (AR)
 (C:\Users\Usuario\AppData\Local\Programs\MiKTeX\tex/latex/caption\caption3.sty
Package: caption3 2023/07/31 v2.4d caption3 kernel (AR)
\caption@tempdima=\dimen304
\captionmargin=\dimen305
\caption@leftmargin=\dimen306
\caption@rightmargin=\dimen307
\caption@width=\dimen308
\caption@indent=\dimen309
\caption@parindent=\dimen310
\caption@hangindent=\dimen311
Package caption Info: beamer document class detected.
 (C:\Users\Usuario\AppData\Local\Programs\MiKTeX\tex/latex/caption\caption-beamer.sto
File: caption-beamer.sto 2022/01/06 v2.0c Adaption of the caption package to the beamer document classes (AR)
))
\c@caption@flags=\count340
\c@continuedfloat=\count341
Package caption Info: hyperref package is loaded.
Package caption Info: Hyperref support is turned off
(caption)             because hyperref has stopped early.
) (C:\Users\Usuario\AppData\Local\Programs\MiKTeX\tex/latex/caption\subcaption.sty
Package: subcaption 2023/07/28 v1.6b Sub-captions (AR)
Package caption Info: New subtype `subfigure' on input line 238.
\c@subfigure=\count342
Package caption Info: New subtype `subtable' on input line 238.
\c@subtable=\count343
) (C:\Users\Usuario\AppData\Local\Programs\MiKTeX\tex/latex/booktabs\booktabs.sty
Package: booktabs 2020/01/12 v1.61803398 Publication quality tables
\heavyrulewidth=\dimen312
\lightrulewidth=\dimen313
\cmidrulewidth=\dimen314
\belowrulesep=\dimen315
\belowbottomsep=\dimen316
\aboverulesep=\dimen317
\abovetopsep=\dimen318
\cmidrulesep=\dimen319
\cmidrulekern=\dimen320
\defaultaddspace=\dimen321
\@cmidla=\count344
\@cmidlb=\count345
\@aboverulesep=\dimen322
\@belowrulesep=\dimen323
\@thisruleclass=\count346
\@lastruleclass=\count347
\@thisrulewidth=\dimen324
)
\sympureletters=\mathgroup6
LaTeX Font Info:    Overwriting symbol font `pureletters' in version `bold'
(Font)                  OT1/mathkerncmss/m/sl --> OT1/mathkerncmss/bx/sl on input line 14.
 (C:\Users\Usuario\AppData\Local\Programs\MiKTeX\tex/latex/tools\bm.sty
Package: bm 2023/07/08 v1.2f Bold Symbol Support (DPC/FMi)
\symboldoperators=\mathgroup7
\symboldletters=\mathgroup8
\symboldsymbols=\mathgroup9
Package bm Info: No bold for \OMX/cmex/m/n, using \pmb.
Package bm Info: No bold for \U/msa/m/n, using \pmb.
Package bm Info: No bold for \U/msb/m/n, using \pmb.
\symboldpureletters=\mathgroup10
LaTeX Font Info:    Redeclaring math alphabet \mathbf on input line 149.
) (C:\Users\Usuario\AppData\Local\Programs\MiKTeX\tex/latex/beamer\beamerthemeMadrid.sty (C:\Users\Usuario\AppData\Local\Programs\MiKTeX\tex/latex/beamer\beamercolorthemewhale.sty) (C:\Users\Usuario\AppData\Local\Programs\MiKTeX\tex/latex/beamer\beamercolorthemeorchid.sty) (C:\Users\Usuario\AppData\Local\Programs\MiKTeX\tex/latex/beamer\beamerinnerthemerounded.sty) (C:\Users\Usuario\AppData\Local\Programs\MiKTeX\tex/latex/beamer\beamerouterthemeinfolines.sty)) (C:\Users\Usuario\AppData\Local\Programs\MiKTeX\tex/latex/psnfss\palatino.sty
Package: palatino 2020/03/25 PSNFSS-v9.3 (SPQR) 
) (C:\Users\Usuario\AppData\Local\Programs\MiKTeX\tex/latex/opensans\opensans.sty
Package: opensans 2019/06/20 Style file for Open Sans.
 (C:\Users\Usuario\AppData\Local\Programs\MiKTeX\tex/latex/fontaxes\fontaxes.sty
Package: fontaxes 2020/07/21 v1.0e Font selection axes
LaTeX Info: Redefining \upshape on input line 29.
LaTeX Info: Redefining \itshape on input line 31.
LaTeX Info: Redefining \slshape on input line 33.
LaTeX Info: Redefining \swshape on input line 35.
LaTeX Info: Redefining \scshape on input line 37.
LaTeX Info: Redefining \sscshape on input line 39.
LaTeX Info: Redefining \ulcshape on input line 41.
LaTeX Info: Redefining \textsw on input line 47.
LaTeX Info: Redefining \textssc on input line 48.
LaTeX Info: Redefining \textulc on input line 49.
) (C:\Users\Usuario\AppData\Local\Programs\MiKTeX\tex/generic/iftex\ifluatex.sty
Package: ifluatex 2019/10/25 v1.5 ifluatex legacy package. Use iftex instead.
) (C:\Users\Usuario\AppData\Local\Programs\MiKTeX\tex/generic/iftex\ifxetex.sty
Package: ifxetex 2019/10/25 v0.7 ifxetex legacy package. Use iftex instead.
) (C:\Users\Usuario\AppData\Local\Programs\MiKTeX\tex/latex/xkeyval\xkeyval.sty
Package: xkeyval 2022/06/16 v2.9 package option processing (HA)
 (C:\Users\Usuario\AppData\Local\Programs\MiKTeX\tex/generic/xkeyval\xkeyval.tex (C:\Users\Usuario\AppData\Local\Programs\MiKTeX\tex/generic/xkeyval\xkvutils.tex
\XKV@toks=\toks46
\XKV@tempa@toks=\toks47
)
\XKV@depth=\count348
File: xkeyval.tex 2014/12/03 v2.7a key=value parser (HA)
))) (C:\Users\Usuario\AppData\Local\Programs\MiKTeX\tex/latex/beamer\beamerinnerthemecircles.sty) (C:\Users\Usuario\AppData\Local\Programs\MiKTeX\tex/latex/beamer\beamerouterthememiniframes.sty)

Package hyperref Warning: Token not allowed in a PDF string (Unicode):
(hyperref)                removing `\\' on input line 101.


Package hyperref Warning: Token not allowed in a PDF string (Unicode):
(hyperref)                removing `\\' on input line 101.

LaTeX Font Info:    Trying to load font information for OT1+opensans-TLF on input line 121.
(C:\Users\Usuario\AppData\Local\Programs\MiKTeX\tex/latex/opensans\ot1opensans-tlf.fd
File: OT1opensans-TLF.fd 2019/06/24 Font definitions for OT1/opensans-TLF.
)
LaTeX Font Info:    Font shape `OT1/opensans-TLF/m/n' will be
(Font)              scaled to size 10.95pt on input line 121.
 (C:\Users\Usuario\AppData\Local\Programs\MiKTeX\tex/latex/l3backend\l3backend-pdftex.def
File: l3backend-pdftex.def 2023-11-09 L3 backend support: PDF output (pdfTeX)
\l__color_backend_stack_int=\count349
\l__pdf_internal_box=\box77
) (defensa.aux)
\openout1 = `defensa.aux'.

LaTeX Font Info:    Checking defaults for OML/cmm/m/it on input line 121.
LaTeX Font Info:    ... okay on input line 121.
LaTeX Font Info:    Checking defaults for OMS/cmsy/m/n on input line 121.
LaTeX Font Info:    ... okay on input line 121.
LaTeX Font Info:    Checking defaults for OT1/cmr/m/n on input line 121.
LaTeX Font Info:    ... okay on input line 121.
LaTeX Font Info:    Checking defaults for T1/cmr/m/n on input line 121.
LaTeX Font Info:    ... okay on input line 121.
LaTeX Font Info:    Checking defaults for TS1/cmr/m/n on input line 121.
LaTeX Font Info:    ... okay on input line 121.
LaTeX Font Info:    Checking defaults for OMX/cmex/m/n on input line 121.
LaTeX Font Info:    ... okay on input line 121.
LaTeX Font Info:    Checking defaults for U/cmr/m/n on input line 121.
LaTeX Font Info:    ... okay on input line 121.
LaTeX Font Info:    Checking defaults for PD1/pdf/m/n on input line 121.
LaTeX Font Info:    ... okay on input line 121.
LaTeX Font Info:    Checking defaults for PU/pdf/m/n on input line 121.
LaTeX Font Info:    ... okay on input line 121.

*geometry* driver: auto-detecting
*geometry* detected driver: pdftex
*geometry* verbose mode - [ preamble ] result:
* driver: pdftex
* paper: custom
* layout: <same size as paper>
* layoutoffset:(h,v)=(0.0pt,0.0pt)
* modes: includehead includefoot 
* h-part:(L,W,R)=(10.95003pt, 433.34402pt, 10.95003pt)
* v-part:(T,H,B)=(0.0pt, 256.0748pt, 0.0pt)
* \paperwidth=455.24408pt
* \paperheight=256.0748pt
* \textwidth=433.34402pt
* \textheight=227.62207pt
* \oddsidemargin=-61.31996pt
* \evensidemargin=-61.31996pt
* \topmargin=-72.26999pt
* \headheight=14.22636pt
* \headsep=0.0pt
* \topskip=11.0pt
* \footskip=14.22636pt
* \marginparwidth=4.0pt
* \marginparsep=10.0pt
* \columnsep=10.0pt
* \skip\footins=10.0pt plus 4.0pt minus 2.0pt
* \hoffset=0.0pt
* \voffset=0.0pt
* \mag=1000
* \@twocolumnfalse
* \@twosidefalse
* \@mparswitchfalse
* \@reversemarginfalse
* (1in=72.27pt=25.4mm, 1cm=28.453pt)

(C:\Users\Usuario\AppData\Local\Programs\MiKTeX\tex/context/base/mkii\supp-pdf.mkii
[Loading MPS to PDF converter (version 2006.09.02).]
\scratchcounter=\count350
\scratchdimen=\dimen325
\scratchbox=\box78
\nofMPsegments=\count351
\nofMParguments=\count352
\everyMPshowfont=\toks48
\MPscratchCnt=\count353
\MPscratchDim=\dimen326
\MPnumerator=\count354
\makeMPintoPDFobject=\count355
\everyMPtoPDFconversion=\toks49
) (C:\Users\Usuario\AppData\Local\Programs\MiKTeX\tex/latex/epstopdf-pkg\epstopdf-base.sty
Package: epstopdf-base 2020-01-24 v2.11 Base part for package epstopdf
Package epstopdf-base Info: Redefining graphics rule for `.eps' on input line 485.
 (C:\Users\Usuario\AppData\Local\Programs\MiKTeX\tex/latex/00miktex\epstopdf-sys.cfg
File: epstopdf-sys.cfg 2021/03/18 v2.0 Configuration of epstopdf for MiKTeX
))
Package hyperref Info: Link coloring OFF on input line 121.
 (defensa.out) (defensa.out)
\@outlinefile=\write5
\openout5 = `defensa.out'.

LaTeX Font Info:    Overwriting symbol font `operators' in version `normal'
(Font)                  OT1/cmr/m/n --> OT1/cmss/m/n on input line 121.
LaTeX Font Info:    Overwriting symbol font `operators' in version `bold'
(Font)                  OT1/cmr/bx/n --> OT1/cmss/b/n on input line 121.
\symnumbers=\mathgroup11
LaTeX Font Info:    Redeclaring symbol font `pureletters' on input line 121.
LaTeX Font Info:    Overwriting symbol font `pureletters' in version `normal'
(Font)                  OT1/mathkerncmss/m/sl --> OT1/phv/m/it on input line 121.
LaTeX Font Info:    Overwriting symbol font `pureletters' in version `bold'
(Font)                  OT1/mathkerncmss/bx/sl --> OT1/phv/m/it on input line 121.
LaTeX Font Info:    Overwriting math alphabet `\mathrm' in version `normal'
(Font)                  OT1/cmss/m/n --> OT1/ppl/m/n on input line 121.
LaTeX Font Info:    Redeclaring math alphabet \mathbf on input line 121.
LaTeX Font Info:    Redeclaring math alphabet \mathsf on input line 121.
LaTeX Font Info:    Overwriting math alphabet `\mathsf' in version `normal'
(Font)                  OT1/cmss/m/n --> OT1/phv/m/n on input line 121.
LaTeX Font Info:    Overwriting math alphabet `\mathsf' in version `bold'
(Font)                  OT1/cmss/bx/n --> OT1/phv/m/n on input line 121.
LaTeX Font Info:    Redeclaring math alphabet \mathit on input line 121.
LaTeX Font Info:    Overwriting math alphabet `\mathit' in version `normal'
(Font)                  OT1/cmr/m/it --> OT1/phv/m/it on input line 121.
LaTeX Font Info:    Overwriting math alphabet `\mathit' in version `bold'
(Font)                  OT1/cmr/bx/it --> OT1/phv/m/it on input line 121.
LaTeX Font Info:    Redeclaring math alphabet \mathtt on input line 121.
LaTeX Font Info:    Overwriting math alphabet `\mathtt' in version `normal'
(Font)                  OT1/cmtt/m/n --> OT1/pcr/m/n on input line 121.
LaTeX Font Info:    Overwriting math alphabet `\mathtt' in version `bold'
(Font)                  OT1/cmtt/m/n --> OT1/pcr/m/n on input line 121.
LaTeX Font Info:    Overwriting symbol font `numbers' in version `bold'
(Font)                  OT1/phv/m/n --> OT1/phv/b/n on input line 121.
LaTeX Font Info:    Overwriting symbol font `pureletters' in version `bold'
(Font)                  OT1/phv/m/it --> OT1/phv/b/it on input line 121.
LaTeX Font Info:    Overwriting math alphabet `\mathrm' in version `bold'
(Font)                  OT1/cmss/b/n --> OT1/ppl/b/n on input line 121.
LaTeX Font Info:    Overwriting math alphabet `\mathbf' in version `bold'
(Font)                  OT1/phv/b/n --> OT1/phv/b/n on input line 121.
LaTeX Font Info:    Overwriting math alphabet `\mathsf' in version `bold'
(Font)                  OT1/phv/m/n --> OT1/phv/b/n on input line 121.
LaTeX Font Info:    Overwriting math alphabet `\mathit' in version `bold'
(Font)                  OT1/phv/m/it --> OT1/phv/b/it on input line 121.
LaTeX Font Info:    Overwriting math alphabet `\mathtt' in version `bold'
(Font)                  OT1/pcr/m/n --> OT1/pcr/b/n on input line 121.
LaTeX Font Info:    Redeclaring symbol font `boldpureletters' on input line 121.
LaTeX Font Info:    Overwriting symbol font `boldpureletters' in version `normal'
(Font)                  OT1/mathkerncmss/bx/sl --> OT1/phv/bx/it on input line 121.
LaTeX Font Info:    Overwriting symbol font `boldpureletters' in version `bold'
(Font)                  OT1/mathkerncmss/bx/sl --> OT1/phv/bx/it on input line 121.
 (C:\Users\Usuario\AppData\Local\Programs\MiKTeX\tex/latex/translator\translator-basic-dictionary-English.dict
Dictionary: translator-basic-dictionary, Language: English 
) (C:\Users\Usuario\AppData\Local\Programs\MiKTeX\tex/latex/translator\translator-bibliography-dictionary-English.dict
Dictionary: translator-bibliography-dictionary, Language: English 
) (C:\Users\Usuario\AppData\Local\Programs\MiKTeX\tex/latex/translator\translator-environment-dictionary-English.dict
Dictionary: translator-environment-dictionary, Language: English 
) (C:\Users\Usuario\AppData\Local\Programs\MiKTeX\tex/latex/translator\translator-months-dictionary-English.dict
Dictionary: translator-months-dictionary, Language: English 
) (C:\Users\Usuario\AppData\Local\Programs\MiKTeX\tex/latex/translator\translator-numbers-dictionary-English.dict
Dictionary: translator-numbers-dictionary, Language: English 
) (C:\Users\Usuario\AppData\Local\Programs\MiKTeX\tex/latex/translator\translator-theorem-dictionary-English.dict
Dictionary: translator-theorem-dictionary, Language: English 
)
Package caption Info: Begin \AtBeginDocument code.
Package caption Info: End \AtBeginDocument code.
\c@mv@tabular=\count356
\c@mv@boldtabular=\count357
 (defensa.nav)
LaTeX Font Info:    Font shape `OT1/opensans-TLF/m/n' will be
(Font)              scaled to size 6.0pt on input line 121.
LaTeX Font Info:    Font shape `OT1/opensans-TLF/m/n' will be
(Font)              scaled to size 14.4pt on input line 129.
LaTeX Font Info:    Font shape `OT1/opensans-TLF/m/n' will be
(Font)              scaled to size 10.0pt on input line 129.
LaTeX Font Info:    Font shape `OT1/opensans-TLF/m/n' will be
(Font)              scaled to size 8.0pt on input line 129.

Overfull \vbox (28.06438pt too high) detected at line 129
 []

LaTeX Font Info:    Font shape `OT1/opensans-TLF/m/n' will be
(Font)              scaled to size 4.0pt on input line 129.
<Images/logo_ib.jpg, id=138, 401.5pt x 401.5pt>
File: Images/logo_ib.jpg Graphic file (type jpg)
<use Images/logo_ib.jpg>
Package pdftex.def Info: Images/logo_ib.jpg  used on input line 129.
(pdftex.def)             Requested size: 28.45274pt x 28.45094pt.
[1{C:/Users/Usuario/AppData/Local/MiKTeX/fonts/map/pdftex/pdftex.map}{C:/Users/Usuario/AppData/Local/Programs/MiKTeX/fonts/enc/dvips/opensans/a_n3lhbv.enc}

 <./Images/logo_ib.jpg>]
LaTeX Font Info:    Trying to load font information for U+msa on input line 177.
 (C:\Users\Usuario\AppData\Local\Programs\MiKTeX\tex/latex/amsfonts\umsa.fd
File: umsa.fd 2013/01/14 v3.01 AMS symbols A
)
LaTeX Font Info:    Trying to load font information for U+msb on input line 177.
 (C:\Users\Usuario\AppData\Local\Programs\MiKTeX\tex/latex/amsfonts\umsb.fd
File: umsb.fd 2013/01/14 v3.01 AMS symbols B
)
LaTeX Font Info:    Trying to load font information for OT1+phv on input line 177.
 (C:\Users\Usuario\AppData\Local\Programs\MiKTeX\tex/latex/psnfss\ot1phv.fd
File: ot1phv.fd 2020/03/25 scalable font definitions for OT1/phv.
)
LaTeX Font Info:    Font shape `OT1/phv/m/it' in size <10.95> not available
(Font)              Font shape `OT1/phv/m/sl' tried instead on input line 177.
LaTeX Font Info:    Font shape `OT1/phv/m/it' in size <8> not available
(Font)              Font shape `OT1/phv/m/sl' tried instead on input line 177.
LaTeX Font Info:    Font shape `OT1/phv/m/it' in size <6> not available
(Font)              Font shape `OT1/phv/m/sl' tried instead on input line 177.
LaTeX Font Info:    Font shape `OT1/phv/bx/it' in size <10.95> not available
(Font)              Font shape `OT1/phv/b/it' tried instead on input line 177.
LaTeX Font Info:    Font shape `OT1/phv/b/it' in size <10.95> not available
(Font)              Font shape `OT1/phv/b/sl' tried instead on input line 177.
LaTeX Font Info:    Font shape `OT1/phv/bx/it' in size <8> not available
(Font)              Font shape `OT1/phv/b/it' tried instead on input line 177.
LaTeX Font Info:    Font shape `OT1/phv/b/it' in size <8> not available
(Font)              Font shape `OT1/phv/b/sl' tried instead on input line 177.
LaTeX Font Info:    Font shape `OT1/phv/bx/it' in size <6> not available
(Font)              Font shape `OT1/phv/b/it' tried instead on input line 177.
LaTeX Font Info:    Font shape `OT1/phv/b/it' in size <6> not available
(Font)              Font shape `OT1/phv/b/sl' tried instead on input line 177.
<Images/intro/ind_crom_ej.PNG, id=301, 351.56343pt x 384.6872pt>
File: Images/intro/ind_crom_ej.PNG Graphic file (type png)
<use Images/intro/ind_crom_ej.PNG>
Package pdftex.def Info: Images/intro/ind_crom_ej.PNG  used on input line 177.
(pdftex.def)             Requested size: 128.0374pt x 140.09561pt.
File: Images/logo_ib.jpg Graphic file (type jpg)
<use Images/logo_ib.jpg>
Package pdftex.def Info: Images/logo_ib.jpg  used on input line 177.
(pdftex.def)             Requested size: 28.45274pt x 28.45094pt.
 [2

 <./Images/intro/ind_crom_ej.PNG>]
File: Images/intro/ind_crom_ej.PNG Graphic file (type png)
<use Images/intro/ind_crom_ej.PNG>
Package pdftex.def Info: Images/intro/ind_crom_ej.PNG  used on input line 177.
(pdftex.def)             Requested size: 128.0374pt x 140.09561pt.
File: Images/logo_ib.jpg Graphic file (type jpg)
<use Images/logo_ib.jpg>
Package pdftex.def Info: Images/logo_ib.jpg  used on input line 177.
(pdftex.def)             Requested size: 28.45274pt x 28.45094pt.
 [3

]
LaTeX Font Info:    Font shape `OT1/opensans-TLF/b/n' will be
(Font)              scaled to size 10.95pt on input line 197.
File: Images/logo_ib.jpg Graphic file (type jpg)
<use Images/logo_ib.jpg>
Package pdftex.def Info: Images/logo_ib.jpg  used on input line 197.
(pdftex.def)             Requested size: 28.45274pt x 28.45094pt.
 [4

]
File: Images/logo_ib.jpg Graphic file (type jpg)
<use Images/logo_ib.jpg>
Package pdftex.def Info: Images/logo_ib.jpg  used on input line 197.
(pdftex.def)             Requested size: 28.45274pt x 28.45094pt.
 [5

]
<Images/intro/esquema_visual_pathaway_horizontal.pdf, id=686, 7304.68721pt x 2682.59808pt>
File: Images/intro/esquema_visual_pathaway_horizontal.pdf Graphic file (type pdf)
<use Images/intro/esquema_visual_pathaway_horizontal.pdf>
Package pdftex.def Info: Images/intro/esquema_visual_pathaway_horizontal.pdf  used on input line 219.
(pdftex.def)             Requested size: 7304.6695pt x 2682.59157pt.
LaTeX Font Info:    Font shape `OT1/opensans-TLF/m/n' will be
(Font)              scaled to size 9.0pt on input line 219.
File: Images/logo_ib.jpg Graphic file (type jpg)
<use Images/logo_ib.jpg>
Package pdftex.def Info: Images/logo_ib.jpg  used on input line 219.
(pdftex.def)             Requested size: 28.45274pt x 28.45094pt.
 [6

 <./Images/intro/esquema_visual_pathaway_horizontal.pdf>]
File: Images/logo_ib.jpg Graphic file (type jpg)
<use Images/logo_ib.jpg>
Package pdftex.def Info: Images/logo_ib.jpg  used on input line 228.
(pdftex.def)             Requested size: 28.45274pt x 28.45094pt.
 [7

]
File: Images/logo_ib.jpg Graphic file (type jpg)
<use Images/logo_ib.jpg>
Package pdftex.def Info: Images/logo_ib.jpg  used on input line 228.
(pdftex.def)             Requested size: 28.45274pt x 28.45094pt.
 [8

]
File: Images/logo_ib.jpg Graphic file (type jpg)
<use Images/logo_ib.jpg>
Package pdftex.def Info: Images/logo_ib.jpg  used on input line 228.
(pdftex.def)             Requested size: 28.45274pt x 28.45094pt.
 [9

]
LaTeX Font Info:    Font shape `OT1/opensans-TLF/m/it' will be
(Font)              scaled to size 10.95pt on input line 251.
<Images/intro/esquema_campo_receptivo.PNG, id=1185, 616.704pt x 466.1415pt>
File: Images/intro/esquema_campo_receptivo.PNG Graphic file (type png)
<use Images/intro/esquema_campo_receptivo.PNG>
Package pdftex.def Info: Images/intro/esquema_campo_receptivo.PNG  used on input line 251.
(pdftex.def)             Requested size: 616.70248pt x 466.14035pt.
File: Images/logo_ib.jpg Graphic file (type jpg)
<use Images/logo_ib.jpg>
Package pdftex.def Info: Images/logo_ib.jpg  used on input line 251.
(pdftex.def)             Requested size: 28.45274pt x 28.45094pt.
 [10

{C:/Users/Usuario/AppData/Local/Programs/MiKTeX/fonts/enc/dvips/base/8r.enc}{C:/Users/Usuario/AppData/Local/Programs/MiKTeX/fonts/enc/dvips/opensans/a_iz27ck.enc} <./Images/intro/esquema_campo_receptivo.PNG>]
<Images/intro/center_surrond.pdf, id=1312, 362.77264pt x 267.4559pt>
File: Images/intro/center_surrond.pdf Graphic file (type pdf)
<use Images/intro/center_surrond.pdf>
Package pdftex.def Info: Images/intro/center_surrond.pdf  used on input line 275.
(pdftex.def)             Requested size: 362.77174pt x 267.45525pt.
File: Images/logo_ib.jpg Graphic file (type jpg)
<use Images/logo_ib.jpg>
Package pdftex.def Info: Images/logo_ib.jpg  used on input line 275.
(pdftex.def)             Requested size: 28.45274pt x 28.45094pt.
 [11

 <./Images/intro/center_surrond.pdf>]
<Images/intro/repulsion.pdf, id=1443, 529.76233pt x 302.63063pt>
File: Images/intro/repulsion.pdf Graphic file (type pdf)
<use Images/intro/repulsion.pdf>
Package pdftex.def Info: Images/intro/repulsion.pdf  used on input line 323.
(pdftex.def)             Requested size: 199.16928pt x 113.77711pt.

Overfull \vbox (1.74977pt too high) detected at line 323
 []

File: Images/logo_ib.jpg Graphic file (type jpg)
<use Images/logo_ib.jpg>
Package pdftex.def Info: Images/logo_ib.jpg  used on input line 323.
(pdftex.def)             Requested size: 28.45274pt x 28.45094pt.
[12

 <./Images/intro/repulsion.pdf>]
File: Images/intro/repulsion.pdf Graphic file (type pdf)
<use Images/intro/repulsion.pdf>
Package pdftex.def Info: Images/intro/repulsion.pdf  used on input line 323.
(pdftex.def)             Requested size: 199.16928pt x 113.77711pt.

Overfull \vbox (1.74977pt too high) detected at line 323
 []

File: Images/logo_ib.jpg Graphic file (type jpg)
<use Images/logo_ib.jpg>
Package pdftex.def Info: Images/logo_ib.jpg  used on input line 323.
(pdftex.def)             Requested size: 28.45274pt x 28.45094pt.
[13

]
File: Images/intro/repulsion.pdf Graphic file (type pdf)
<use Images/intro/repulsion.pdf>
Package pdftex.def Info: Images/intro/repulsion.pdf  used on input line 323.
(pdftex.def)             Requested size: 199.16928pt x 113.77711pt.

Overfull \vbox (1.74977pt too high) detected at line 323
 []

File: Images/logo_ib.jpg Graphic file (type jpg)
<use Images/logo_ib.jpg>
Package pdftex.def Info: Images/logo_ib.jpg  used on input line 323.
(pdftex.def)             Requested size: 28.45274pt x 28.45094pt.
[14

]
<Images/que_es_r_x.png, id=1750, 281.25075pt x 278.84175pt>
File: Images/que_es_r_x.png Graphic file (type png)
<use Images/que_es_r_x.png>
Package pdftex.def Info: Images/que_es_r_x.png  used on input line 347.
(pdftex.def)             Requested size: 281.25005pt x 278.84105pt.
File: Images/logo_ib.jpg Graphic file (type jpg)
<use Images/logo_ib.jpg>
Package pdftex.def Info: Images/logo_ib.jpg  used on input line 347.
(pdftex.def)             Requested size: 28.45274pt x 28.45094pt.
 [15

 <./Images/que_es_r_x.png>]
LaTeX Font Info:    Font shape `OT1/phv/m/it' in size <10> not available
(Font)              Font shape `OT1/phv/m/sl' tried instead on input line 374.
LaTeX Font Info:    Font shape `OT1/phv/m/it' in size <7> not available
(Font)              Font shape `OT1/phv/m/sl' tried instead on input line 374.
LaTeX Font Info:    Font shape `OT1/phv/m/it' in size <5> not available
(Font)              Font shape `OT1/phv/m/sl' tried instead on input line 374.
LaTeX Font Info:    Font shape `OT1/phv/bx/it' in size <10> not available
(Font)              Font shape `OT1/phv/b/it' tried instead on input line 374.
LaTeX Font Info:    Font shape `OT1/phv/b/it' in size <10> not available
(Font)              Font shape `OT1/phv/b/sl' tried instead on input line 374.
LaTeX Font Info:    Font shape `OT1/phv/bx/it' in size <7> not available
(Font)              Font shape `OT1/phv/b/it' tried instead on input line 374.
LaTeX Font Info:    Font shape `OT1/phv/b/it' in size <7> not available
(Font)              Font shape `OT1/phv/b/sl' tried instead on input line 374.
LaTeX Font Info:    Font shape `OT1/phv/bx/it' in size <5> not available
(Font)              Font shape `OT1/phv/b/it' tried instead on input line 374.
LaTeX Font Info:    Font shape `OT1/phv/b/it' in size <5> not available
(Font)              Font shape `OT1/phv/b/sl' tried instead on input line 374.
File: Images/logo_ib.jpg Graphic file (type jpg)
<use Images/logo_ib.jpg>
Package pdftex.def Info: Images/logo_ib.jpg  used on input line 374.
(pdftex.def)             Requested size: 28.45274pt x 28.45094pt.
 [16

]
File: Images/logo_ib.jpg Graphic file (type jpg)
<use Images/logo_ib.jpg>
Package pdftex.def Info: Images/logo_ib.jpg  used on input line 386.
(pdftex.def)             Requested size: 28.45274pt x 28.45094pt.
 [17

]
<Images/intro/solo_radial.png, id=2106, 340.8735pt x 341.47575pt>
File: Images/intro/solo_radial.png Graphic file (type png)
<use Images/intro/solo_radial.png>
Package pdftex.def Info: Images/intro/solo_radial.png  used on input line 405.
(pdftex.def)             Requested size: 113.81102pt x 114.0108pt.

Overfull \vbox (5.67789pt too high) detected at line 405
 []

File: Images/logo_ib.jpg Graphic file (type jpg)
<use Images/logo_ib.jpg>
Package pdftex.def Info: Images/logo_ib.jpg  used on input line 405.
(pdftex.def)             Requested size: 28.45274pt x 28.45094pt.
[18

 <./Images/intro/solo_radial.png>]
<Images/coseno_estimulo_y_amplificado.png, id=2226, 1742.76094pt x 179.92218pt>
File: Images/coseno_estimulo_y_amplificado.png Graphic file (type png)
<use Images/coseno_estimulo_y_amplificado.png>
Package pdftex.def Info: Images/coseno_estimulo_y_amplificado.png  used on input line 438.
(pdftex.def)             Requested size: 284.52756pt x 29.3729pt.
File: Images/logo_ib.jpg Graphic file (type jpg)
<use Images/logo_ib.jpg>
Package pdftex.def Info: Images/logo_ib.jpg  used on input line 438.
(pdftex.def)             Requested size: 28.45274pt x 28.45094pt.
 [19

 <./Images/coseno_estimulo_y_amplificado.png>]
<Images/intro/fourier_transform_def.pdf, id=2347, 1011.77988pt x 433.62pt>
File: Images/intro/fourier_transform_def.pdf Graphic file (type pdf)
<use Images/intro/fourier_transform_def.pdf>
Package pdftex.def Info: Images/intro/fourier_transform_def.pdf  used on input line 458.
(pdftex.def)             Requested size: 241.84842pt x 103.64746pt.

Overfull \vbox (10.30449pt too high) detected at line 458
 []

File: Images/logo_ib.jpg Graphic file (type jpg)
<use Images/logo_ib.jpg>
Package pdftex.def Info: Images/logo_ib.jpg  used on input line 458.
(pdftex.def)             Requested size: 28.45274pt x 28.45094pt.
[20

 <./Images/intro/fourier_transform_def.pdf>]
File: Images/logo_ib.jpg Graphic file (type jpg)
<use Images/logo_ib.jpg>
Package pdftex.def Info: Images/logo_ib.jpg  used on input line 495.
(pdftex.def)             Requested size: 28.45274pt x 28.45094pt.
 [21

]
File: Images/logo_ib.jpg Graphic file (type jpg)
<use Images/logo_ib.jpg>
Package pdftex.def Info: Images/logo_ib.jpg  used on input line 495.
(pdftex.def)             Requested size: 28.45274pt x 28.45094pt.
 [22

]
File: Images/logo_ib.jpg Graphic file (type jpg)
<use Images/logo_ib.jpg>
Package pdftex.def Info: Images/logo_ib.jpg  used on input line 495.
(pdftex.def)             Requested size: 28.45274pt x 28.45094pt.
 [23

]
File: Images/logo_ib.jpg Graphic file (type jpg)
<use Images/logo_ib.jpg>
Package pdftex.def Info: Images/logo_ib.jpg  used on input line 505.
(pdftex.def)             Requested size: 28.45274pt x 28.45094pt.
 [24

]
<Images/j0_estimulo_y_amplificada.png, id=2857, 2503.10156pt x 650.43pt>
File: Images/j0_estimulo_y_amplificada.png Graphic file (type png)
<use Images/j0_estimulo_y_amplificada.png>
Package pdftex.def Info: Images/j0_estimulo_y_amplificada.png  used on input line 521.
(pdftex.def)             Requested size: 284.52756pt x 73.92946pt.
LaTeX Font Info:    Font shape `OT1/phv/m/it' in size <9> not available
(Font)              Font shape `OT1/phv/m/sl' tried instead on input line 521.
LaTeX Font Info:    Font shape `OT1/phv/bx/it' in size <9> not available
(Font)              Font shape `OT1/phv/b/it' tried instead on input line 521.
LaTeX Font Info:    Font shape `OT1/phv/b/it' in size <9> not available
(Font)              Font shape `OT1/phv/b/sl' tried instead on input line 521.
LaTeX Font Info:    Font shape `OT1/opensans-TLF/m/n' will be
(Font)              scaled to size 5.0pt on input line 521.
File: Images/logo_ib.jpg Graphic file (type jpg)
<use Images/logo_ib.jpg>
Package pdftex.def Info: Images/logo_ib.jpg  used on input line 521.
(pdftex.def)             Requested size: 28.45274pt x 28.45094pt.
 [25

 <./Images/j0_estimulo_y_amplificada.png>]
LaTeX Font Info:    Font shape `OT1/opensans-TLF/m/n' will be
(Font)              scaled to size 12.0pt on input line 548.
File: Images/logo_ib.jpg Graphic file (type jpg)
<use Images/logo_ib.jpg>
Package pdftex.def Info: Images/logo_ib.jpg  used on input line 548.
(pdftex.def)             Requested size: 28.45274pt x 28.45094pt.
 [26

]
File: Images/logo_ib.jpg Graphic file (type jpg)
<use Images/logo_ib.jpg>
Package pdftex.def Info: Images/logo_ib.jpg  used on input line 548.
(pdftex.def)             Requested size: 28.45274pt x 28.45094pt.
 [27

]
<Images/experimental/lms_coordinates.png, id=3189, 613.0905pt x 464.937pt>
File: Images/experimental/lms_coordinates.png Graphic file (type png)
<use Images/experimental/lms_coordinates.png>
Package pdftex.def Info: Images/experimental/lms_coordinates.png  used on input line 581.
(pdftex.def)             Requested size: 613.08899pt x 464.93585pt.
File: Images/logo_ib.jpg Graphic file (type jpg)
<use Images/logo_ib.jpg>
Package pdftex.def Info: Images/logo_ib.jpg  used on input line 581.
(pdftex.def)             Requested size: 28.45274pt x 28.45094pt.
 [28

 <./Images/experimental/lms_coordinates.png>]
File: Images/logo_ib.jpg Graphic file (type jpg)
<use Images/logo_ib.jpg>
Package pdftex.def Info: Images/logo_ib.jpg  used on input line 606.
(pdftex.def)             Requested size: 28.45274pt x 28.45094pt.
 [29

]
<Images/experimental/ajuste.pdf, id=3428, 2293.41486pt x 435.85803pt>
File: Images/experimental/ajuste.pdf Graphic file (type pdf)
<use Images/experimental/ajuste.pdf>
Package pdftex.def Info: Images/experimental/ajuste.pdf  used on input line 615.
(pdftex.def)             Requested size: 426.79134pt x 81.10466pt.
File: Images/logo_ib.jpg Graphic file (type jpg)
<use Images/logo_ib.jpg>
Package pdftex.def Info: Images/logo_ib.jpg  used on input line 615.
(pdftex.def)             Requested size: 28.45274pt x 28.45094pt.
 [30

 <./Images/experimental/ajuste.pdf>]
<Images/experimental/izquierda_charla.png, id=3563, 1156.32pt x 650.43pt>
File: Images/experimental/izquierda_charla.png Graphic file (type png)
<use Images/experimental/izquierda_charla.png>
Package pdftex.def Info: Images/experimental/izquierda_charla.png  used on input line 658.
(pdftex.def)             Requested size: 104.00494pt x 58.49648pt.
<Images/experimental/derecha_charla.png, id=3564, 1156.32pt x 650.43pt>
File: Images/experimental/derecha_charla.png Graphic file (type png)
<use Images/experimental/derecha_charla.png>
Package pdftex.def Info: Images/experimental/derecha_charla.png  used on input line 658.
(pdftex.def)             Requested size: 104.00494pt x 58.49648pt.
<Images/experimental/arriba_charla.png, id=3565, 1156.32pt x 650.43pt>
File: Images/experimental/arriba_charla.png Graphic file (type png)
<use Images/experimental/arriba_charla.png>
Package pdftex.def Info: Images/experimental/arriba_charla.png  used on input line 658.
(pdftex.def)             Requested size: 104.00494pt x 58.49648pt.
<Images/experimental/abajo_charla.png, id=3566, 1156.32pt x 650.43pt>
File: Images/experimental/abajo_charla.png Graphic file (type png)
<use Images/experimental/abajo_charla.png>
Package pdftex.def Info: Images/experimental/abajo_charla.png  used on input line 658.
(pdftex.def)             Requested size: 104.00494pt x 58.49648pt.
File: Images/logo_ib.jpg Graphic file (type jpg)
<use Images/logo_ib.jpg>
Package pdftex.def Info: Images/logo_ib.jpg  used on input line 658.
(pdftex.def)             Requested size: 28.45274pt x 28.45094pt.
 [31

 <./Images/experimental/izquierda_charla.png> <./Images/experimental/derecha_charla.png> <./Images/experimental/arriba_charla.png> <./Images/experimental/abajo_charla.png>]
File: Images/logo_ib.jpg Graphic file (type jpg)
<use Images/logo_ib.jpg>
Package pdftex.def Info: Images/logo_ib.jpg  used on input line 668.
(pdftex.def)             Requested size: 28.45274pt x 28.45094pt.
 [32

]
File: Images/logo_ib.jpg Graphic file (type jpg)
<use Images/logo_ib.jpg>
Package pdftex.def Info: Images/logo_ib.jpg  used on input line 668.
(pdftex.def)             Requested size: 28.45274pt x 28.45094pt.
 [33

]
File: Images/logo_ib.jpg Graphic file (type jpg)
<use Images/logo_ib.jpg>
Package pdftex.def Info: Images/logo_ib.jpg  used on input line 668.
(pdftex.def)             Requested size: 28.45274pt x 28.45094pt.
 [34

]
File: Images/logo_ib.jpg Graphic file (type jpg)
<use Images/logo_ib.jpg>
Package pdftex.def Info: Images/logo_ib.jpg  used on input line 668.
(pdftex.def)             Requested size: 28.45274pt x 28.45094pt.
 [35

]
File: Images/logo_ib.jpg Graphic file (type jpg)
<use Images/logo_ib.jpg>
Package pdftex.def Info: Images/logo_ib.jpg  used on input line 668.
(pdftex.def)             Requested size: 28.45274pt x 28.45094pt.
 [36

]
Overfull \hbox (13.37686pt too wide) detected at line 708
[][]\OT1/phv/m/sl/10.95 P\OT1/cmss/m/n/10.95 (\OT1/phv/m/sl/10.95 x\OMS/cmsy/m/n/10.95 j\OML/cmm/m/it/10.95 ^^O; \OT1/phv/m/sl/10.95 h\OT1/cmss/m/n/10.95 ) = [][]
 []

<Images/experimental/p_de_x_cuad.pdf, id=4102, 578.16pt x 433.62pt>
File: Images/experimental/p_de_x_cuad.pdf Graphic file (type pdf)
<use Images/experimental/p_de_x_cuad.pdf>
Package pdftex.def Info: Images/experimental/p_de_x_cuad.pdf  used on input line 708.
(pdftex.def)             Requested size: 142.26378pt x 106.69768pt.
File: Images/logo_ib.jpg Graphic file (type jpg)
<use Images/logo_ib.jpg>
Package pdftex.def Info: Images/logo_ib.jpg  used on input line 708.
(pdftex.def)             Requested size: 28.45274pt x 28.45094pt.
[37

 <./Images/experimental/p_de_x_cuad.pdf>]
File: Images/logo_ib.jpg Graphic file (type jpg)
<use Images/logo_ib.jpg>
Package pdftex.def Info: Images/logo_ib.jpg  used on input line 721.
(pdftex.def)             Requested size: 28.45274pt x 28.45094pt.
 [38

]
File: Images/logo_ib.jpg Graphic file (type jpg)
<use Images/logo_ib.jpg>
Package pdftex.def Info: Images/logo_ib.jpg  used on input line 735.
(pdftex.def)             Requested size: 28.45274pt x 28.45094pt.
 [39

]
File: Images/logo_ib.jpg Graphic file (type jpg)
<use Images/logo_ib.jpg>
Package pdftex.def Info: Images/logo_ib.jpg  used on input line 735.
(pdftex.def)             Requested size: 28.45274pt x 28.45094pt.
 [40

]
File: Images/logo_ib.jpg Graphic file (type jpg)
<use Images/logo_ib.jpg>
Package pdftex.def Info: Images/logo_ib.jpg  used on input line 735.
(pdftex.def)             Requested size: 28.45274pt x 28.45094pt.
 [41

]
File: Images/logo_ib.jpg Graphic file (type jpg)
<use Images/logo_ib.jpg>
Package pdftex.def Info: Images/logo_ib.jpg  used on input line 749.
(pdftex.def)             Requested size: 28.45274pt x 28.45094pt.
 [42

]
File: Images/logo_ib.jpg Graphic file (type jpg)
<use Images/logo_ib.jpg>
Package pdftex.def Info: Images/logo_ib.jpg  used on input line 749.
(pdftex.def)             Requested size: 28.45274pt x 28.45094pt.
 [43

]
<Images/experimental/comparacion_y_alfas.pdf, id=4907, 1148.94283pt x 435.10641pt>
File: Images/experimental/comparacion_y_alfas.pdf Graphic file (type pdf)
<use Images/experimental/comparacion_y_alfas.pdf>
Package pdftex.def Info: Images/experimental/comparacion_y_alfas.pdf  used on input line 779.
(pdftex.def)             Requested size: 1148.94003pt x 435.10533pt.
File: Images/logo_ib.jpg Graphic file (type jpg)
<use Images/logo_ib.jpg>
Package pdftex.def Info: Images/logo_ib.jpg  used on input line 779.
(pdftex.def)             Requested size: 28.45274pt x 28.45094pt.
 [44

 <./Images/experimental/comparacion_y_alfas.pdf>]
File: Images/logo_ib.jpg Graphic file (type jpg)
<use Images/logo_ib.jpg>
Package pdftex.def Info: Images/logo_ib.jpg  used on input line 788.
(pdftex.def)             Requested size: 28.45274pt x 28.45094pt.
 [45

]
File: Images/logo_ib.jpg Graphic file (type jpg)
<use Images/logo_ib.jpg>
Package pdftex.def Info: Images/logo_ib.jpg  used on input line 788.
(pdftex.def)             Requested size: 28.45274pt x 28.45094pt.
 [46

]
File: Images/logo_ib.jpg Graphic file (type jpg)
<use Images/logo_ib.jpg>
Package pdftex.def Info: Images/logo_ib.jpg  used on input line 788.
(pdftex.def)             Requested size: 28.45274pt x 28.45094pt.
 [47

]
LaTeX Font Info:    Font shape `OT1/opensans-TLF/m/n' will be
(Font)              scaled to size 24.88pt on input line 802.
LaTeX Font Info:    Font shape `OT1/opensans-TLF/b/n' will be
(Font)              scaled to size 24.88pt on input line 802.
File: Images/logo_ib.jpg Graphic file (type jpg)
<use Images/logo_ib.jpg>
Package pdftex.def Info: Images/logo_ib.jpg  used on input line 802.
(pdftex.def)             Requested size: 28.45274pt x 28.45094pt.
 [48

]
<Images/resultados/bauti_s.png, id=5418, 794.97pt x 578.16pt>
File: Images/resultados/bauti_s.png Graphic file (type png)
<use Images/resultados/bauti_s.png>
Package pdftex.def Info: Images/resultados/bauti_s.png  used on input line 845.
(pdftex.def)             Requested size: 794.96806pt x 578.15858pt.
<Images/resultados/martina_s.png, id=5419, 794.97pt x 578.16pt>
File: Images/resultados/martina_s.png Graphic file (type png)
<use Images/resultados/martina_s.png>
Package pdftex.def Info: Images/resultados/martina_s.png  used on input line 845.
(pdftex.def)             Requested size: 794.96806pt x 578.15858pt.

Overfull \vbox (3.4746pt too high) detected at line 845
 []

File: Images/logo_ib.jpg Graphic file (type jpg)
<use Images/logo_ib.jpg>
Package pdftex.def Info: Images/logo_ib.jpg  used on input line 845.
(pdftex.def)             Requested size: 28.45274pt x 28.45094pt.
[49

 <./Images/resultados/bauti_s.png> <./Images/resultados/martina_s.png>]
<Images/resultados/ines_s.png, id=5541, 794.97pt x 578.16pt>
File: Images/resultados/ines_s.png Graphic file (type png)
<use Images/resultados/ines_s.png>
Package pdftex.def Info: Images/resultados/ines_s.png  used on input line 880.
(pdftex.def)             Requested size: 794.96806pt x 578.15858pt.
<Images/resultados/ines_l_mas_m.png, id=5542, 794.97pt x 578.16pt>
File: Images/resultados/ines_l_mas_m.png Graphic file (type png)
<use Images/resultados/ines_l_mas_m.png>
Package pdftex.def Info: Images/resultados/ines_l_mas_m.png  used on input line 880.
(pdftex.def)             Requested size: 794.96806pt x 578.15858pt.

Overfull \vbox (3.4746pt too high) detected at line 880
 []

File: Images/logo_ib.jpg Graphic file (type jpg)
<use Images/logo_ib.jpg>
Package pdftex.def Info: Images/logo_ib.jpg  used on input line 880.
(pdftex.def)             Requested size: 28.45274pt x 28.45094pt.
[50

 <./Images/resultados/ines_s.png> <./Images/resultados/ines_l_mas_m.png>]
<Images/resultados/s_yo_gris.png, id=5663, 794.97pt x 578.16pt>
File: Images/resultados/s_yo_gris.png Graphic file (type png)
<use Images/resultados/s_yo_gris.png>
Package pdftex.def Info: Images/resultados/s_yo_gris.png  used on input line 915.
(pdftex.def)             Requested size: 794.96806pt x 578.15858pt.
<Images/resultados/s_yo_gris_azulado.png, id=5664, 794.97pt x 578.16pt>
File: Images/resultados/s_yo_gris_azulado.png Graphic file (type png)
<use Images/resultados/s_yo_gris_azulado.png>
Package pdftex.def Info: Images/resultados/s_yo_gris_azulado.png  used on input line 915.
(pdftex.def)             Requested size: 794.96806pt x 578.15858pt.

Overfull \vbox (3.4746pt too high) detected at line 915
 []

File: Images/logo_ib.jpg Graphic file (type jpg)
<use Images/logo_ib.jpg>
Package pdftex.def Info: Images/logo_ib.jpg  used on input line 915.
(pdftex.def)             Requested size: 28.45274pt x 28.45094pt.
[51

 <./Images/resultados/s_yo_gris.png> <./Images/resultados/s_yo_gris_azulado.png>]
<Images/resultados/l_mas_m_yo.png, id=5785, 794.97pt x 578.16pt>
File: Images/resultados/l_mas_m_yo.png Graphic file (type png)
<use Images/resultados/l_mas_m_yo.png>
Package pdftex.def Info: Images/resultados/l_mas_m_yo.png  used on input line 950.
(pdftex.def)             Requested size: 794.96806pt x 578.15858pt.
<Images/resultados/l_menos_m_yo.png, id=5786, 794.97pt x 578.16pt>
File: Images/resultados/l_menos_m_yo.png Graphic file (type png)
<use Images/resultados/l_menos_m_yo.png>
Package pdftex.def Info: Images/resultados/l_menos_m_yo.png  used on input line 950.
(pdftex.def)             Requested size: 794.96806pt x 578.15858pt.

Overfull \vbox (3.4746pt too high) detected at line 950
 []

File: Images/logo_ib.jpg Graphic file (type jpg)
<use Images/logo_ib.jpg>
Package pdftex.def Info: Images/logo_ib.jpg  used on input line 950.
(pdftex.def)             Requested size: 28.45274pt x 28.45094pt.
[52

 <./Images/resultados/l_mas_m_yo.png> <./Images/resultados/l_menos_m_yo.png>]
<Images/resultados/minimos_fondo_128_128_128.png, id=5907, 578.16pt x 433.62pt>
File: Images/resultados/minimos_fondo_128_128_128.png Graphic file (type png)
<use Images/resultados/minimos_fondo_128_128_128.png>
Package pdftex.def Info: Images/resultados/minimos_fondo_128_128_128.png  used on input line 976.
(pdftex.def)             Requested size: 578.15858pt x 433.61894pt.
File: Images/logo_ib.jpg Graphic file (type jpg)
<use Images/logo_ib.jpg>
Package pdftex.def Info: Images/logo_ib.jpg  used on input line 976.
(pdftex.def)             Requested size: 28.45274pt x 28.45094pt.
 [53

 <./Images/resultados/minimos_fondo_128_128_128.png>]
<Images/resultados/comparaciones_ar1_def.pdf, id=6027, 1159.19635pt x 580.31735pt>
File: Images/resultados/comparaciones_ar1_def.pdf Graphic file (type pdf)
<use Images/resultados/comparaciones_ar1_def.pdf>
Package pdftex.def Info: Images/resultados/comparaciones_ar1_def.pdf  used on input line 1004.
(pdftex.def)             Requested size: 1159.19353pt x 580.31593pt.
File: Images/logo_ib.jpg Graphic file (type jpg)
<use Images/logo_ib.jpg>
Package pdftex.def Info: Images/logo_ib.jpg  used on input line 1004.
(pdftex.def)             Requested size: 28.45274pt x 28.45094pt.
 [54

 <./Images/resultados/comparaciones_ar1_def.pdf>]
<Images/resultados/ley_weber_s.pdf, id=6158, 1300.86pt x 487.8225pt>
File: Images/resultados/ley_weber_s.pdf Graphic file (type pdf)
<use Images/resultados/ley_weber_s.pdf>
Package pdftex.def Info: Images/resultados/ley_weber_s.pdf  used on input line 1030.
(pdftex.def)             Requested size: 1300.85684pt x 487.8213pt.
File: Images/logo_ib.jpg Graphic file (type jpg)
<use Images/logo_ib.jpg>
Package pdftex.def Info: Images/logo_ib.jpg  used on input line 1030.
(pdftex.def)             Requested size: 28.45274pt x 28.45094pt.
 [55

 <./Images/resultados/ley_weber_s.pdf>]
File: Images/logo_ib.jpg Graphic file (type jpg)
<use Images/logo_ib.jpg>
Package pdftex.def Info: Images/logo_ib.jpg  used on input line 1063.
(pdftex.def)             Requested size: 28.45274pt x 28.45094pt.
 [56

]
File: Images/logo_ib.jpg Graphic file (type jpg)
<use Images/logo_ib.jpg>
Package pdftex.def Info: Images/logo_ib.jpg  used on input line 1077.
(pdftex.def)             Requested size: 28.45274pt x 28.45094pt.
 [57

]
File: Images/logo_ib.jpg Graphic file (type jpg)
<use Images/logo_ib.jpg>
Package pdftex.def Info: Images/logo_ib.jpg  used on input line 1077.
(pdftex.def)             Requested size: 28.45274pt x 28.45094pt.
 [58

]
File: Images/logo_ib.jpg Graphic file (type jpg)
<use Images/logo_ib.jpg>
Package pdftex.def Info: Images/logo_ib.jpg  used on input line 1077.
(pdftex.def)             Requested size: 28.45274pt x 28.45094pt.
 [59

]
File: Images/logo_ib.jpg Graphic file (type jpg)
<use Images/logo_ib.jpg>
Package pdftex.def Info: Images/logo_ib.jpg  used on input line 1077.
(pdftex.def)             Requested size: 28.45274pt x 28.45094pt.
 [60

]
File: Images/logo_ib.jpg Graphic file (type jpg)
<use Images/logo_ib.jpg>
Package pdftex.def Info: Images/logo_ib.jpg  used on input line 1077.
(pdftex.def)             Requested size: 28.45274pt x 28.45094pt.
 [61

]
File: Images/logo_ib.jpg Graphic file (type jpg)
<use Images/logo_ib.jpg>
Package pdftex.def Info: Images/logo_ib.jpg  used on input line 1103.
(pdftex.def)             Requested size: 28.45274pt x 28.45094pt.
 [62

]
File: Images/logo_ib.jpg Graphic file (type jpg)
<use Images/logo_ib.jpg>
Package pdftex.def Info: Images/logo_ib.jpg  used on input line 1103.
(pdftex.def)             Requested size: 28.45274pt x 28.45094pt.
 [63

]
File: Images/logo_ib.jpg Graphic file (type jpg)
<use Images/logo_ib.jpg>
Package pdftex.def Info: Images/logo_ib.jpg  used on input line 1103.
(pdftex.def)             Requested size: 28.45274pt x 28.45094pt.
 [64

]
File: Images/logo_ib.jpg Graphic file (type jpg)
<use Images/logo_ib.jpg>
Package pdftex.def Info: Images/logo_ib.jpg  used on input line 1118.
(pdftex.def)             Requested size: 28.45274pt x 28.45094pt.
 [65

]
File: Images/logo_ib.jpg Graphic file (type jpg)
<use Images/logo_ib.jpg>
Package pdftex.def Info: Images/logo_ib.jpg  used on input line 1118.
(pdftex.def)             Requested size: 28.45274pt x 28.45094pt.
 [66

]
File: Images/logo_ib.jpg Graphic file (type jpg)
<use Images/logo_ib.jpg>
Package pdftex.def Info: Images/logo_ib.jpg  used on input line 1118.
(pdftex.def)             Requested size: 28.45274pt x 28.45094pt.
 [67

]
LaTeX Font Info:    Font shape `OT1/opensans-TLF/m/n' will be
(Font)              scaled to size 17.28pt on input line 1162.
File: Images/logo_ib.jpg Graphic file (type jpg)
<use Images/logo_ib.jpg>
Package pdftex.def Info: Images/logo_ib.jpg  used on input line 1162.
(pdftex.def)             Requested size: 28.45274pt x 28.45094pt.
 [68

]
\tf@nav=\write6
\openout6 = `defensa.nav'.

\tf@toc=\write7
\openout7 = `defensa.toc'.

\tf@snm=\write8
\openout8 = `defensa.snm'.

 (defensa.aux)
 ***********
LaTeX2e <2023-11-01>
L3 programming layer <2023-12-08>
 ***********
Package rerunfilecheck Info: File `defensa.out' has not changed.
(rerunfilecheck)             Checksum: 3512F3E00307471BE0B7B59E9647E461;585.
 ) 
Here is how much of TeX's memory you used:
 25305 strings out of 474491
 503059 string characters out of 5742889
 1976473 words of memory out of 5000000
 46864 multiletter control sequences out of 15000+600000
 610809 words of font info for 160 fonts, out of 8000000 for 9000
 1141 hyphenation exceptions out of 8191
 128i,19n,123p,509b,806s stack positions out of 10000i,1000n,20000p,200000b,200000s
<C:/Users/Usuario/AppData/Local/Programs/MiKTeX/fonts/type1/ascender/opensans/OpenSans-Bold.pfb><C:/Users/Usuario/AppData/Local/Programs/MiKTeX/fonts/type1/ascender/opensans/OpenSans-Italic.pfb><C:/Users/Usuario/AppData/Local/Programs/MiKTeX/fonts/type1/ascender/opensans/OpenSans-Regular.pfb><C:/Users/Usuario/AppData/Local/Programs/MiKTeX/fonts/type1/public/amsfonts/cm/cmbx10.pfb><C:/Users/Usuario/AppData/Local/Programs/MiKTeX/fonts/type1/public/amsfonts/cm/cmex10.pfb><C:/Users/Usuario/AppData/Local/Programs/MiKTeX/fonts/type1/public/amsfonts/cm/cmmi10.pfb><C:/Users/Usuario/AppData/Local/Programs/MiKTeX/fonts/type1/public/amsfonts/cm/cmmi6.pfb><C:/Users/Usuario/AppData/Local/Programs/MiKTeX/fonts/type1/public/amsfonts/cm/cmmi8.pfb><C:/Users/Usuario/AppData/Local/Programs/MiKTeX/fonts/type1/public/amsfonts/cm/cmmib10.pfb><C:/Users/Usuario/AppData/Local/Programs/MiKTeX/fonts/type1/public/amsfonts/cm/cmss10.pfb><C:/Users/Usuario/AppData/Local/Programs/MiKTeX/fonts/type1/public/amsfonts/cm/cmss8.pfb><C:/Users/Usuario/AppData/Local/Programs/MiKTeX/fonts/type1/public/amsfonts/cm/cmsy10.pfb><C:/Users/Usuario/AppData/Local/Programs/MiKTeX/fonts/type1/public/amsfonts/cm/cmsy6.pfb><C:/Users/Usuario/AppData/Local/Programs/MiKTeX/fonts/type1/public/amsfonts/cm/cmsy8.pfb><C:/Users/Usuario/AppData/Local/Programs/MiKTeX/fonts/type1/urw/helvetic/uhvb8a.pfb><C:/Users/Usuario/AppData/Local/Programs/MiKTeX/fonts/type1/urw/helvetic/uhvr8a.pfb><C:/Users/Usuario/AppData/Local/Programs/MiKTeX/fonts/type1/urw/helvetic/uhvro8a.pfb>
Output written on defensa.pdf (68 pages, 5910456 bytes).
PDF statistics:
 7605 PDF objects out of 8907 (max. 8388607)
 152 named destinations out of 1000 (max. 500000)
 1193 words of extra memory for PDF output out of 10000 (max. 10000000)

